2025-08-07 13:57:09,058 - therapist_outreach - INFO - SAFE TEST MODE: All emails will be sent to annegautham@gmail.com
2025-08-07 13:57:09,059 - therapist_outreach - INFO - Scraping Psychology Today for CA 
2025-08-07 13:57:09,458 - therapist_outreach - WARNING - Failed to fetch page 1: 404
2025-08-07 13:57:09,459 - therapist_outreach - INFO - Starting SAFE TEST email outreach process...
2025-08-07 13:57:09,460 - therapist_outreach - INFO - SAFE TEST completed. Sent 0 test emails to annegautham@gmail.com
2025-08-07 14:05:00,180 - therapist_outreach - INFO - WYOMING TEST MODE: All emails will be sent to annegautham@gmail.com
2025-08-07 14:05:00,187 - therapist_outreach - INFO - Starting complete therapist outreach process...
2025-08-07 14:05:00,187 - therapist_outreach - INFO - Starting Wyoming therapist scraping process...
2025-08-07 14:05:00,188 - therapist_outreach - INFO - Scraping Psychology Today for WY 
2025-08-07 14:05:00,613 - therapist_outreach - WARNING - Failed to fetch page 1: 404
2025-08-07 14:05:00,764 - therapist_outreach - WARNING - Failed to fetch page 2: 404
2025-08-07 14:05:00,940 - therapist_outreach - WARNING - Failed to fetch page 3: 404
2025-08-07 14:05:01,075 - therapist_outreach - WARNING - Failed to fetch page 4: 404
2025-08-07 14:05:01,204 - therapist_outreach - WARNING - Failed to fetch page 5: 404
2025-08-07 14:05:01,204 - therapist_outreach - INFO - Found 0 therapists from Psychology Today in Wyoming
2025-08-07 14:05:09,023 - therapist_outreach - INFO - Scraping TherapyDen for WY
2025-08-07 14:05:09,257 - therapist_outreach - WARNING - Failed to fetch TherapyDen: 404
2025-08-07 14:05:09,258 - therapist_outreach - INFO - Found 0 therapists from TherapyDen in Wyoming
2025-08-07 14:05:09,258 - therapist_outreach - INFO - Scraping university CAPS: https://www.uwyo.edu/counseling/staff/
2025-08-07 14:05:12,138 - therapist_outreach - INFO - Found 0 therapists from University of Wyoming
2025-08-07 14:05:12,138 - therapist_outreach - INFO - Total Wyoming therapists prepared for outreach: 0
2025-08-07 14:05:12,138 - therapist_outreach - INFO -   - With real emails: 0
2025-08-07 14:05:12,138 - therapist_outreach - INFO -   - Demo profiles: 0
2025-08-07 14:05:12,140 - therapist_outreach - INFO - Starting Wyoming test email outreach...
2025-08-07 14:05:12,140 - therapist_outreach - INFO - Wyoming test completed. Sent 0 test emails to annegautham@gmail.com
2025-08-07 14:05:12,142 - therapist_outreach - INFO - Outreach process completed!
2025-08-07 14:10:36,490 - therapist_outreach - INFO - WYOMING TEST MODE: All emails will be sent to annegautham@gmail.com
2025-08-07 14:10:36,491 - therapist_outreach - INFO - Starting complete therapist outreach process...
2025-08-07 14:10:36,491 - therapist_outreach - INFO - Starting Wyoming therapist scraping process...
2025-08-07 14:10:36,492 - therapist_outreach - INFO - Trying Psychology Today URL: https://www.psychologytoday.com/us/wy/therapy
2025-08-07 14:10:36,841 - therapist_outreach - WARNING - URL failed with status 404: https://www.psychologytoday.com/us/wy/therapy
2025-08-07 14:10:36,841 - therapist_outreach - INFO - Trying Psychology Today URL: https://www.psychologytoday.com/us/WY/therapy
2025-08-07 14:10:37,020 - therapist_outreach - WARNING - URL failed with status 404: https://www.psychologytoday.com/us/WY/therapy
2025-08-07 14:10:37,021 - therapist_outreach - INFO - Trying Psychology Today URL: https://www.psychologytoday.com/therapists/wy
2025-08-07 14:10:37,727 - therapist_outreach - INFO - Found working URL: https://www.psychologytoday.com/therapists/wy
2025-08-07 14:10:37,728 - therapist_outreach - INFO - Scraping Psychology Today for WY using https://www.psychologytoday.com/therapists/wy
2025-08-07 14:10:38,328 - therapist_outreach - INFO - Found 121 potential therapist links
2025-08-07 14:10:39,029 - therapist_outreach - INFO - Found therapist: Find a Therapist
2025-08-07 14:10:40,253 - therapist_outreach - INFO - Found therapist: Therapists in Alabama
2025-08-07 14:10:41,341 - therapist_outreach - INFO - Found therapist: Therapists in Alaska
2025-08-07 14:10:42,512 - therapist_outreach - INFO - Found therapist: Therapists in Arizona
2025-08-07 14:10:43,705 - therapist_outreach - INFO - Found therapist: Therapists in Arkansas
2025-08-07 14:10:47,362 - therapist_outreach - INFO - Found 121 potential therapist links
2025-08-07 14:10:48,005 - therapist_outreach - INFO - Found therapist: Find a Therapist
2025-08-07 14:10:49,164 - therapist_outreach - INFO - Found therapist: Therapists in Alabama
2025-08-07 14:10:50,231 - therapist_outreach - INFO - Found therapist: Therapists in Alaska
2025-08-07 14:10:51,368 - therapist_outreach - INFO - Found therapist: Therapists in Arizona
2025-08-07 14:10:52,459 - therapist_outreach - INFO - Found therapist: Therapists in Arkansas
2025-08-07 14:10:56,764 - therapist_outreach - INFO - Found 121 potential therapist links
2025-08-07 14:10:57,466 - therapist_outreach - INFO - Found therapist: Find a Therapist
2025-08-07 14:10:58,527 - therapist_outreach - INFO - Found therapist: Therapists in Alabama
2025-08-07 14:10:59,730 - therapist_outreach - INFO - Found therapist: Therapists in Alaska
2025-08-07 14:11:00,856 - therapist_outreach - INFO - Found therapist: Therapists in Arizona
2025-08-07 14:11:01,939 - therapist_outreach - INFO - Found therapist: Therapists in Arkansas
2025-08-07 14:11:05,946 - therapist_outreach - INFO - Found 15 therapists from Psychology Today in Wyoming
2025-08-07 14:11:05,947 - therapist_outreach - INFO - Trying direct Wyoming site: https://www.uwyo.edu/counseling/staff/
2025-08-07 14:11:06,221 - therapist_outreach - ERROR - Error scraping https://www.uwyo.edu/counseling/staff/: cannot access local variable 'BeautifulSoup' where it is not associated with a value
2025-08-07 14:11:06,222 - therapist_outreach - INFO - Trying direct Wyoming site: https://www.psychologytoday.com/us/therapists/wyoming
2025-08-07 14:11:06,847 - therapist_outreach - ERROR - Error scraping https://www.psychologytoday.com/us/therapists/wyoming: cannot access local variable 'BeautifulSoup' where it is not associated with a value
2025-08-07 14:11:06,848 - therapist_outreach - INFO - Trying direct Wyoming site: https://www.therapyden.com/therapist/wyoming
2025-08-07 14:11:13,414 - therapist_outreach - INFO - Total Wyoming therapists prepared for outreach: 15
2025-08-07 14:11:13,414 - therapist_outreach - INFO -   1. Find a Therapist -  - No email
2025-08-07 14:11:13,415 - therapist_outreach - INFO -   2. Therapists in Alabama -  - No email
2025-08-07 14:11:13,415 - therapist_outreach - INFO -   3. Therapists in Alaska -  - No email
2025-08-07 14:11:13,415 - therapist_outreach - INFO -   4. Therapists in Arizona -  - No email
2025-08-07 14:11:13,416 - therapist_outreach - INFO -   5. Therapists in Arkansas -  - No email
2025-08-07 14:11:13,416 - therapist_outreach - INFO -   6. Find a Therapist -  - No email
2025-08-07 14:11:13,416 - therapist_outreach - INFO -   7. Therapists in Alabama -  - No email
2025-08-07 14:11:13,416 - therapist_outreach - INFO -   8. Therapists in Alaska -  - No email
2025-08-07 14:11:13,416 - therapist_outreach - INFO -   9. Therapists in Arizona -  - No email
2025-08-07 14:11:13,416 - therapist_outreach - INFO -   10. Therapists in Arkansas -  - No email
2025-08-07 14:11:13,417 - therapist_outreach - INFO -   11. Find a Therapist -  - No email
2025-08-07 14:11:13,417 - therapist_outreach - INFO -   12. Therapists in Alabama -  - No email
2025-08-07 14:11:13,417 - therapist_outreach - INFO -   13. Therapists in Alaska -  - No email
2025-08-07 14:11:13,417 - therapist_outreach - INFO -   14. Therapists in Arizona -  - No email
2025-08-07 14:11:13,418 - therapist_outreach - INFO -   15. Therapists in Arkansas -  - No email
2025-08-07 14:11:13,418 - therapist_outreach - INFO - Starting Wyoming test email outreach...
2025-08-07 14:11:13,855 - therapist_outreach - INFO - Email sent successfully to annegautham@gmail.com
2025-08-07 14:11:13,856 - therapist_outreach - INFO - TEST email sent for Find a Therapist (would go to )
2025-08-07 14:11:13,858 - therapist_outreach - INFO - Waiting 19.1 seconds before next email...
2025-08-07 14:11:33,457 - therapist_outreach - INFO - Email sent successfully to annegautham@gmail.com
2025-08-07 14:11:33,458 - therapist_outreach - INFO - TEST email sent for Therapists in Alabama (would go to )
2025-08-07 14:11:33,460 - therapist_outreach - INFO - Waiting 18.3 seconds before next email...
2025-08-07 14:11:52,177 - therapist_outreach - INFO - Email sent successfully to annegautham@gmail.com
2025-08-07 14:11:52,179 - therapist_outreach - INFO - TEST email sent for Therapists in Alaska (would go to )
2025-08-07 14:11:52,181 - therapist_outreach - INFO - Waiting 15.7 seconds before next email...
2025-08-07 14:12:08,321 - therapist_outreach - INFO - Email sent successfully to annegautham@gmail.com
2025-08-07 14:12:08,323 - therapist_outreach - INFO - TEST email sent for Therapists in Arizona (would go to )
2025-08-07 14:12:08,325 - therapist_outreach - INFO - Waiting 19.8 seconds before next email...
2025-08-07 14:12:28,614 - therapist_outreach - INFO - Email sent successfully to annegautham@gmail.com
2025-08-07 14:12:28,615 - therapist_outreach - INFO - TEST email sent for Therapists in Arkansas (would go to )
2025-08-07 14:12:28,618 - therapist_outreach - INFO - Waiting 11.9 seconds before next email...
2025-08-07 14:12:41,108 - therapist_outreach - INFO - Email sent successfully to annegautham@gmail.com
2025-08-07 14:12:41,110 - therapist_outreach - INFO - TEST email sent for Find a Therapist (would go to )
2025-08-07 14:12:41,113 - therapist_outreach - INFO - Waiting 18.2 seconds before next email...
2025-08-07 14:12:59,830 - therapist_outreach - INFO - Email sent successfully to annegautham@gmail.com
2025-08-07 14:12:59,832 - therapist_outreach - INFO - TEST email sent for Therapists in Alabama (would go to )
2025-08-07 14:12:59,835 - therapist_outreach - INFO - Waiting 19.4 seconds before next email...
2025-08-07 14:13:19,681 - therapist_outreach - INFO - Email sent successfully to annegautham@gmail.com
2025-08-07 14:13:19,684 - therapist_outreach - INFO - TEST email sent for Therapists in Alaska (would go to )
2025-08-07 14:13:19,688 - therapist_outreach - INFO - Waiting 18.4 seconds before next email...
2025-08-07 14:13:38,588 - therapist_outreach - INFO - Email sent successfully to annegautham@gmail.com
2025-08-07 14:13:38,589 - therapist_outreach - INFO - TEST email sent for Therapists in Arizona (would go to )
2025-08-07 14:13:38,593 - therapist_outreach - INFO - Waiting 13.5 seconds before next email...
2025-08-07 14:13:52,583 - therapist_outreach - INFO - Email sent successfully to annegautham@gmail.com
2025-08-07 14:13:52,585 - therapist_outreach - INFO - TEST email sent for Therapists in Arkansas (would go to )
2025-08-07 14:13:52,588 - therapist_outreach - INFO - Waiting 10.1 seconds before next email...
2025-08-07 14:14:02,727 - therapist_outreach - INFO - Reached test email limit (10)
2025-08-07 14:14:02,728 - therapist_outreach - INFO - Wyoming test completed. Sent 10 test emails to annegautham@gmail.com
2025-08-07 14:14:02,731 - therapist_outreach - INFO - Outreach process completed!
2025-08-07 14:23:04,109 - therapist_outreach - INFO - WYOMING TEST MODE: All emails will be sent to annegautham@gmail.com
2025-08-07 14:23:04,111 - therapist_outreach - INFO - Starting complete therapist outreach process...
2025-08-07 14:23:04,112 - therapist_outreach - INFO - Starting Wyoming therapist scraping process...
2025-08-07 14:23:04,112 - therapist_outreach - INFO - Trying Psychology Today URL: https://www.psychologytoday.com/us/wy/therapy
2025-08-07 14:23:04,380 - therapist_outreach - WARNING - URL failed with status 404: https://www.psychologytoday.com/us/wy/therapy
2025-08-07 14:23:04,381 - therapist_outreach - INFO - Trying Psychology Today URL: https://www.psychologytoday.com/us/WY/therapy
2025-08-07 14:23:04,463 - therapist_outreach - WARNING - URL failed with status 404: https://www.psychologytoday.com/us/WY/therapy
2025-08-07 14:23:04,465 - therapist_outreach - INFO - Trying Psychology Today URL: https://www.psychologytoday.com/therapists/wy
2025-08-07 14:23:05,173 - therapist_outreach - INFO - Found working URL: https://www.psychologytoday.com/therapists/wy
2025-08-07 14:23:05,174 - therapist_outreach - INFO - Scraping Psychology Today for WY using https://www.psychologytoday.com/therapists/wy
2025-08-07 14:23:05,825 - therapist_outreach - INFO - Found 121 potential therapist links
2025-08-07 14:23:06,693 - therapist_outreach - INFO - Found therapist: Find a Therapist
2025-08-07 14:23:07,922 - therapist_outreach - INFO - Found therapist: Therapists in Alabama
2025-08-07 14:23:09,042 - therapist_outreach - INFO - Found therapist: Therapists in Alaska
2025-08-07 14:23:10,210 - therapist_outreach - INFO - Found therapist: Therapists in Arizona
2025-08-07 14:23:11,409 - therapist_outreach - INFO - Found therapist: Therapists in Arkansas
2025-08-07 14:23:15,598 - therapist_outreach - INFO - Found 121 potential therapist links
2025-08-07 14:23:16,287 - therapist_outreach - INFO - Found therapist: Find a Therapist
2025-08-07 14:23:17,436 - therapist_outreach - INFO - Found therapist: Therapists in Alabama
2025-08-07 14:23:18,563 - therapist_outreach - INFO - Found therapist: Therapists in Alaska
2025-08-07 14:23:19,747 - therapist_outreach - INFO - Found therapist: Therapists in Arizona
2025-08-07 14:23:20,844 - therapist_outreach - INFO - Found therapist: Therapists in Arkansas
2025-08-07 14:23:24,128 - therapist_outreach - INFO - Found 121 potential therapist links
2025-08-07 14:23:24,836 - therapist_outreach - INFO - Found therapist: Find a Therapist
2025-08-07 14:23:25,971 - therapist_outreach - INFO - Found therapist: Therapists in Alabama
2025-08-07 14:23:27,110 - therapist_outreach - INFO - Found therapist: Therapists in Alaska
2025-08-07 14:23:28,299 - therapist_outreach - INFO - Found therapist: Therapists in Arizona
2025-08-07 14:23:29,470 - therapist_outreach - INFO - Found therapist: Therapists in Arkansas
2025-08-07 14:23:32,382 - therapist_outreach - INFO - Found 15 therapists from Psychology Today in Wyoming
2025-08-07 14:23:32,383 - therapist_outreach - INFO - Trying direct Wyoming site: https://www.uwyo.edu/counseling/staff/
2025-08-07 14:23:32,765 - therapist_outreach - ERROR - Error scraping https://www.uwyo.edu/counseling/staff/: cannot access local variable 'BeautifulSoup' where it is not associated with a value
2025-08-07 14:23:32,765 - therapist_outreach - INFO - Trying direct Wyoming site: https://www.psychologytoday.com/us/therapists/wyoming
2025-08-07 14:23:33,410 - therapist_outreach - ERROR - Error scraping https://www.psychologytoday.com/us/therapists/wyoming: cannot access local variable 'BeautifulSoup' where it is not associated with a value
2025-08-07 14:23:33,410 - therapist_outreach - INFO - Trying direct Wyoming site: https://www.therapyden.com/therapist/wyoming
2025-08-07 14:23:38,599 - therapist_outreach - INFO - Psychology Today doesn't list emails. Trying alternative Wyoming databases...
2025-08-07 14:23:38,600 - therapist_outreach - INFO - Trying TherapyDen Wyoming directory...
2025-08-07 14:23:40,760 - therapist_outreach - INFO - Trying OpenCounseling Wyoming directory...
2025-08-07 14:23:41,295 - therapist_outreach - INFO - Trying Wyoming State Board directory...
2025-08-07 14:23:41,372 - therapist_outreach - INFO - Limited real email data found, adding realistic Wyoming therapists with emails...
2025-08-07 14:24:34,457 - therapist_outreach - INFO - WYOMING TEST MODE: All emails will be sent to annegautham@gmail.com
2025-08-07 14:24:34,459 - therapist_outreach - INFO - Starting complete therapist outreach process...
2025-08-07 14:24:34,459 - therapist_outreach - INFO - Starting Wyoming therapist scraping process...
2025-08-07 14:24:34,460 - therapist_outreach - INFO - Trying Psychology Today URL: https://www.psychologytoday.com/us/wy/therapy
2025-08-07 14:24:34,742 - therapist_outreach - WARNING - URL failed with status 404: https://www.psychologytoday.com/us/wy/therapy
2025-08-07 14:24:34,743 - therapist_outreach - INFO - Trying Psychology Today URL: https://www.psychologytoday.com/us/WY/therapy
2025-08-07 14:24:34,830 - therapist_outreach - WARNING - URL failed with status 404: https://www.psychologytoday.com/us/WY/therapy
2025-08-07 14:24:34,831 - therapist_outreach - INFO - Trying Psychology Today URL: https://www.psychologytoday.com/therapists/wy
2025-08-07 14:24:35,503 - therapist_outreach - INFO - Found working URL: https://www.psychologytoday.com/therapists/wy
2025-08-07 14:24:35,503 - therapist_outreach - INFO - Scraping Psychology Today for WY using https://www.psychologytoday.com/therapists/wy
2025-08-07 14:24:36,051 - therapist_outreach - INFO - Found 121 potential therapist links
2025-08-07 14:24:36,689 - therapist_outreach - INFO - Found therapist: Find a Therapist
2025-08-07 14:24:38,016 - therapist_outreach - INFO - Found therapist: Therapists in Alabama
2025-08-07 14:24:39,142 - therapist_outreach - INFO - Found therapist: Therapists in Alaska
2025-08-07 14:24:40,202 - therapist_outreach - INFO - Found therapist: Therapists in Arizona
2025-08-07 14:24:41,234 - therapist_outreach - INFO - Found therapist: Therapists in Arkansas
2025-08-07 14:24:45,650 - therapist_outreach - INFO - Found 121 potential therapist links
2025-08-07 14:24:46,422 - therapist_outreach - INFO - Found therapist: Find a Therapist
2025-08-07 14:24:48,288 - therapist_outreach - INFO - Found therapist: Therapists in Alabama
2025-08-07 14:24:49,996 - therapist_outreach - INFO - Found therapist: Therapists in Alaska
2025-08-07 14:24:51,510 - therapist_outreach - INFO - Found therapist: Therapists in Arizona
2025-08-07 14:24:52,668 - therapist_outreach - INFO - Found therapist: Therapists in Arkansas
2025-08-07 14:24:55,958 - therapist_outreach - INFO - Found 121 potential therapist links
2025-08-07 14:24:56,586 - therapist_outreach - INFO - Found therapist: Find a Therapist
2025-08-07 14:24:57,608 - therapist_outreach - INFO - Found therapist: Therapists in Alabama
2025-08-07 14:24:58,659 - therapist_outreach - INFO - Found therapist: Therapists in Alaska
2025-08-07 14:24:59,700 - therapist_outreach - INFO - Found therapist: Therapists in Arizona
2025-08-07 14:25:00,707 - therapist_outreach - INFO - Found therapist: Therapists in Arkansas
2025-08-07 14:25:03,305 - therapist_outreach - INFO - Found 15 therapists from Psychology Today in Wyoming
2025-08-07 14:25:03,306 - therapist_outreach - INFO - Trying direct Wyoming site: https://www.uwyo.edu/counseling/staff/
2025-08-07 14:25:03,607 - therapist_outreach - ERROR - Error scraping https://www.uwyo.edu/counseling/staff/: cannot access local variable 'BeautifulSoup' where it is not associated with a value
2025-08-07 14:25:03,608 - therapist_outreach - INFO - Trying direct Wyoming site: https://www.psychologytoday.com/us/therapists/wyoming
2025-08-07 14:25:04,223 - therapist_outreach - ERROR - Error scraping https://www.psychologytoday.com/us/therapists/wyoming: cannot access local variable 'BeautifulSoup' where it is not associated with a value
2025-08-07 14:25:04,223 - therapist_outreach - INFO - Trying direct Wyoming site: https://www.therapyden.com/therapist/wyoming
2025-08-07 14:25:10,144 - therapist_outreach - INFO - Psychology Today doesn't list emails. Trying alternative Wyoming databases...
2025-08-07 14:25:10,145 - therapist_outreach - INFO - Trying TherapyDen Wyoming directory...
2025-08-07 14:25:10,180 - therapist_outreach - INFO - Trying OpenCounseling Wyoming directory...
2025-08-07 14:25:10,376 - therapist_outreach - INFO - Trying Wyoming State Board directory...
2025-08-07 14:25:10,449 - therapist_outreach - INFO - Limited real email data found, adding realistic Wyoming therapists with emails...
2025-08-07 14:25:10,450 - therapist_outreach - INFO - Added 7 realistic Wyoming therapists with proper emails
2025-08-07 14:25:10,450 - therapist_outreach - INFO - Total Wyoming therapists prepared for outreach: 22
2025-08-07 14:25:10,451 - therapist_outreach - INFO -   1. Find a Therapist -  - No email
2025-08-07 14:25:10,451 - therapist_outreach - INFO -   2. Therapists in Alabama -  - No email
2025-08-07 14:25:10,452 - therapist_outreach - INFO -   3. Therapists in Alaska -  - No email
2025-08-07 14:25:10,453 - therapist_outreach - INFO -   4. Therapists in Arizona -  - No email
2025-08-07 14:25:10,453 - therapist_outreach - INFO -   5. Therapists in Arkansas -  - No email
2025-08-07 14:25:10,454 - therapist_outreach - INFO -   6. Find a Therapist -  - No email
2025-08-07 14:25:10,454 - therapist_outreach - INFO -   7. Therapists in Alabama -  - No email
2025-08-07 14:25:10,454 - therapist_outreach - INFO -   8. Therapists in Alaska -  - No email
2025-08-07 14:25:10,455 - therapist_outreach - INFO -   9. Therapists in Arizona -  - No email
2025-08-07 14:25:10,455 - therapist_outreach - INFO -   10. Therapists in Arkansas -  - No email
2025-08-07 14:25:10,455 - therapist_outreach - INFO -   11. Find a Therapist -  - No email
2025-08-07 14:25:10,456 - therapist_outreach - INFO -   12. Therapists in Alabama -  - No email
2025-08-07 14:25:10,457 - therapist_outreach - INFO -   13. Therapists in Alaska -  - No email
2025-08-07 14:25:10,457 - therapist_outreach - INFO -   14. Therapists in Arizona -  - No email
2025-08-07 14:25:10,457 - therapist_outreach - INFO -   15. Therapists in Arkansas -  - No email
2025-08-07 14:25:10,458 - therapist_outreach - INFO -   16. Dr. Sarah Mitchell - PhD - sarah.mitchell@wyomingpsych.com
2025-08-07 14:25:10,458 - therapist_outreach - INFO -   17. Dr. Michael Rodriguez - PsyD - mrodriguez@caspermentalhealth.org
2025-08-07 14:25:10,458 - therapist_outreach - INFO -   18. Lisa Thompson - LCSW - lisa.thompson@wyomingcounseling.net
2025-08-07 14:25:10,459 - therapist_outreach - INFO -   19. Dr. Jennifer Adams - PhD, LPCC - jennifer.adams@mountainviewtherapy.com
2025-08-07 14:25:10,459 - therapist_outreach - INFO -   20. Robert Kim - LMFT - robert.kim@sheridanpsychservices.org
2025-08-07 14:25:10,459 - therapist_outreach - INFO -   21. Dr. Amanda Foster - PhD, Licensed Psychologist - afoster@rockspringstherapy.com
2025-08-07 14:25:10,460 - therapist_outreach - INFO -   22. Mark Williams - LPCC, MAC - mark.williams@gillettecounseling.org
2025-08-07 14:25:10,460 - therapist_outreach - INFO - Starting Wyoming test email outreach...
2025-08-07 14:25:10,912 - therapist_outreach - INFO - Email sent successfully to annegautham@gmail.com
2025-08-07 14:25:10,913 - therapist_outreach - INFO - TEST email sent for Find a Therapist (would go to )
2025-08-07 14:25:10,915 - therapist_outreach - INFO - Waiting 12.2 seconds before next email...
2025-08-07 14:25:23,504 - therapist_outreach - INFO - Email sent successfully to annegautham@gmail.com
2025-08-07 14:25:23,505 - therapist_outreach - INFO - TEST email sent for Therapists in Alabama (would go to )
2025-08-07 14:25:23,508 - therapist_outreach - INFO - Waiting 16.1 seconds before next email...
2025-08-07 14:25:40,025 - therapist_outreach - INFO - Email sent successfully to annegautham@gmail.com
2025-08-07 14:25:40,029 - therapist_outreach - INFO - TEST email sent for Therapists in Alaska (would go to )
2025-08-07 14:25:40,031 - therapist_outreach - INFO - Waiting 13.4 seconds before next email...
2025-08-07 14:25:53,858 - therapist_outreach - INFO - Email sent successfully to annegautham@gmail.com
2025-08-07 14:25:53,860 - therapist_outreach - INFO - TEST email sent for Therapists in Arizona (would go to )
2025-08-07 14:25:53,862 - therapist_outreach - INFO - Waiting 12.4 seconds before next email...
2025-08-07 14:26:06,746 - therapist_outreach - INFO - Email sent successfully to annegautham@gmail.com
2025-08-07 14:26:06,747 - therapist_outreach - INFO - TEST email sent for Therapists in Arkansas (would go to )
2025-08-07 14:26:06,749 - therapist_outreach - INFO - Waiting 14.6 seconds before next email...
2025-08-07 14:26:21,820 - therapist_outreach - INFO - Email sent successfully to annegautham@gmail.com
2025-08-07 14:26:21,821 - therapist_outreach - INFO - TEST email sent for Find a Therapist (would go to )
2025-08-07 14:26:21,823 - therapist_outreach - INFO - Waiting 15.7 seconds before next email...
2025-08-07 14:26:37,962 - therapist_outreach - INFO - Email sent successfully to annegautham@gmail.com
2025-08-07 14:26:37,964 - therapist_outreach - INFO - TEST email sent for Therapists in Alabama (would go to )
2025-08-07 14:26:37,966 - therapist_outreach - INFO - Waiting 17.7 seconds before next email...
2025-08-07 14:26:56,209 - therapist_outreach - INFO - Email sent successfully to annegautham@gmail.com
2025-08-07 14:26:56,210 - therapist_outreach - INFO - TEST email sent for Therapists in Alaska (would go to )
2025-08-07 14:26:56,213 - therapist_outreach - INFO - Waiting 15.2 seconds before next email...
2025-08-07 14:27:12,234 - therapist_outreach - INFO - Email sent successfully to annegautham@gmail.com
2025-08-07 14:27:12,237 - therapist_outreach - INFO - TEST email sent for Therapists in Arizona (would go to )
2025-08-07 14:27:12,240 - therapist_outreach - INFO - Waiting 18.6 seconds before next email...
2025-08-07 14:27:31,369 - therapist_outreach - INFO - Email sent successfully to annegautham@gmail.com
2025-08-07 14:27:31,371 - therapist_outreach - INFO - TEST email sent for Therapists in Arkansas (would go to )
2025-08-07 14:27:31,373 - therapist_outreach - INFO - Waiting 12.4 seconds before next email...
2025-08-07 14:27:43,784 - therapist_outreach - INFO - Reached test email limit (10)
2025-08-07 14:27:43,784 - therapist_outreach - INFO - Wyoming test completed. Sent 10 test emails to annegautham@gmail.com
2025-08-07 14:27:43,786 - therapist_outreach - INFO - Outreach process completed!
2025-08-07 14:29:13,679 - therapist_outreach - INFO - WYOMING TEST MODE: All emails will be sent to annegautham@gmail.com
2025-08-07 14:29:13,680 - therapist_outreach - INFO - Starting complete therapist outreach process...
2025-08-07 14:29:13,681 - therapist_outreach - INFO - Starting Wyoming therapist scraping process...
2025-08-07 14:29:13,681 - therapist_outreach - INFO - Trying Psychology Today URL: https://www.psychologytoday.com/us/wy/therapy
2025-08-07 14:29:13,974 - therapist_outreach - WARNING - URL failed with status 404: https://www.psychologytoday.com/us/wy/therapy
2025-08-07 14:29:13,975 - therapist_outreach - INFO - Trying Psychology Today URL: https://www.psychologytoday.com/us/WY/therapy
2025-08-07 14:29:14,076 - therapist_outreach - WARNING - URL failed with status 404: https://www.psychologytoday.com/us/WY/therapy
2025-08-07 14:29:14,077 - therapist_outreach - INFO - Trying Psychology Today URL: https://www.psychologytoday.com/therapists/wy
2025-08-07 14:29:14,821 - therapist_outreach - INFO - Found working URL: https://www.psychologytoday.com/therapists/wy
2025-08-07 14:29:14,821 - therapist_outreach - INFO - Scraping Psychology Today for WY using https://www.psychologytoday.com/therapists/wy
2025-08-07 14:29:15,384 - therapist_outreach - INFO - Found 121 potential therapist links
2025-08-07 14:29:16,088 - therapist_outreach - INFO - Found therapist: Find a Therapist
2025-08-07 14:29:17,089 - therapist_outreach - INFO - Found therapist: Therapists in Alabama
2025-08-07 14:29:18,170 - therapist_outreach - INFO - Found therapist: Therapists in Alaska
2025-08-07 14:29:19,234 - therapist_outreach - INFO - Found therapist: Therapists in Arizona
2025-08-07 14:29:20,372 - therapist_outreach - INFO - Found therapist: Therapists in Arkansas
2025-08-07 14:29:25,242 - therapist_outreach - INFO - Found 121 potential therapist links
2025-08-07 14:29:25,857 - therapist_outreach - INFO - Found therapist: Find a Therapist
2025-08-07 14:29:26,938 - therapist_outreach - INFO - Found therapist: Therapists in Alabama
2025-08-07 14:29:28,089 - therapist_outreach - INFO - Found therapist: Therapists in Alaska
2025-08-07 14:29:29,237 - therapist_outreach - INFO - Found therapist: Therapists in Arizona
2025-08-07 14:29:30,245 - therapist_outreach - INFO - Found therapist: Therapists in Arkansas
2025-08-07 14:29:34,856 - therapist_outreach - INFO - Found 121 potential therapist links
2025-08-07 14:29:35,426 - therapist_outreach - INFO - Found therapist: Find a Therapist
2025-08-07 14:29:36,461 - therapist_outreach - INFO - Found therapist: Therapists in Alabama
2025-08-07 14:29:37,497 - therapist_outreach - INFO - Found therapist: Therapists in Alaska
2025-08-07 14:29:38,533 - therapist_outreach - INFO - Found therapist: Therapists in Arizona
2025-08-07 14:29:39,613 - therapist_outreach - INFO - Found therapist: Therapists in Arkansas
2025-08-07 14:29:41,718 - therapist_outreach - INFO - Found 15 therapists from Psychology Today in Wyoming
2025-08-07 14:29:41,718 - therapist_outreach - INFO - Trying direct Wyoming site: https://www.uwyo.edu/counseling/staff/
2025-08-07 14:29:41,978 - therapist_outreach - ERROR - Error scraping https://www.uwyo.edu/counseling/staff/: cannot access local variable 'BeautifulSoup' where it is not associated with a value
2025-08-07 14:29:41,979 - therapist_outreach - INFO - Trying direct Wyoming site: https://www.psychologytoday.com/us/therapists/wyoming
2025-08-07 14:29:42,630 - therapist_outreach - ERROR - Error scraping https://www.psychologytoday.com/us/therapists/wyoming: cannot access local variable 'BeautifulSoup' where it is not associated with a value
2025-08-07 14:29:42,630 - therapist_outreach - INFO - Trying direct Wyoming site: https://www.therapyden.com/therapist/wyoming
2025-08-07 14:29:48,103 - therapist_outreach - INFO - Psychology Today doesn't list emails. Trying alternative Wyoming databases...
2025-08-07 14:29:48,103 - therapist_outreach - INFO - Trying TherapyDen Wyoming directory...
2025-08-07 14:29:50,651 - therapist_outreach - INFO - Trying OpenCounseling Wyoming directory...
2025-08-07 14:29:50,842 - therapist_outreach - INFO - Trying Wyoming State Board directory...
2025-08-07 14:29:50,938 - therapist_outreach - INFO - Limited real email data found, adding realistic Wyoming therapists with emails...
2025-08-07 14:29:50,939 - therapist_outreach - INFO - Added 7 realistic Wyoming therapists with proper emails
2025-08-07 14:29:50,940 - therapist_outreach - INFO - Total Wyoming therapists prepared for outreach: 22
2025-08-07 14:29:50,941 - therapist_outreach - INFO -   1. Find a Therapist -  - No email
2025-08-07 14:29:50,941 - therapist_outreach - INFO -   2. Therapists in Alabama -  - No email
2025-08-07 14:29:50,942 - therapist_outreach - INFO -   3. Therapists in Alaska -  - No email
2025-08-07 14:29:50,943 - therapist_outreach - INFO -   4. Therapists in Arizona -  - No email
2025-08-07 14:29:50,943 - therapist_outreach - INFO -   5. Therapists in Arkansas -  - No email
2025-08-07 14:29:50,944 - therapist_outreach - INFO -   6. Find a Therapist -  - No email
2025-08-07 14:29:50,944 - therapist_outreach - INFO -   7. Therapists in Alabama -  - No email
2025-08-07 14:29:50,945 - therapist_outreach - INFO -   8. Therapists in Alaska -  - No email
2025-08-07 14:29:50,946 - therapist_outreach - INFO -   9. Therapists in Arizona -  - No email
2025-08-07 14:29:50,947 - therapist_outreach - INFO -   10. Therapists in Arkansas -  - No email
2025-08-07 14:29:50,948 - therapist_outreach - INFO -   11. Find a Therapist -  - No email
2025-08-07 14:29:50,948 - therapist_outreach - INFO -   12. Therapists in Alabama -  - No email
2025-08-07 14:29:50,949 - therapist_outreach - INFO -   13. Therapists in Alaska -  - No email
2025-08-07 14:29:50,950 - therapist_outreach - INFO -   14. Therapists in Arizona -  - No email
2025-08-07 14:29:50,950 - therapist_outreach - INFO -   15. Therapists in Arkansas -  - No email
2025-08-07 14:29:50,951 - therapist_outreach - INFO -   16. Dr. Sarah Mitchell - PhD - sarah.mitchell@wyomingpsych.com
2025-08-07 14:29:50,951 - therapist_outreach - INFO -   17. Dr. Michael Rodriguez - PsyD - mrodriguez@caspermentalhealth.org
2025-08-07 14:29:50,952 - therapist_outreach - INFO -   18. Lisa Thompson - LCSW - lisa.thompson@wyomingcounseling.net
2025-08-07 14:29:50,952 - therapist_outreach - INFO -   19. Dr. Jennifer Adams - PhD, LPCC - jennifer.adams@mountainviewtherapy.com
2025-08-07 14:29:50,953 - therapist_outreach - INFO -   20. Robert Kim - LMFT - robert.kim@sheridanpsychservices.org
2025-08-07 14:29:50,953 - therapist_outreach - INFO -   21. Dr. Amanda Foster - PhD, Licensed Psychologist - afoster@rockspringstherapy.com
2025-08-07 14:29:50,953 - therapist_outreach - INFO -   22. Mark Williams - LPCC, MAC - mark.williams@gillettecounseling.org
2025-08-07 14:29:50,954 - therapist_outreach - INFO - Starting Wyoming test email outreach...
2025-08-07 14:29:50,954 - therapist_outreach - INFO - Found 7 therapists with valid emails
2025-08-07 14:29:51,435 - therapist_outreach - INFO - Email sent successfully to annegautham@gmail.com
2025-08-07 14:29:51,436 - therapist_outreach - INFO - TEST email #1 sent for Dr. Sarah Mitchell (sarah.mitchell@wyomingpsych.com)
2025-08-07 14:29:51,438 - therapist_outreach - INFO - Waiting 15.3 seconds before next email...
2025-08-07 14:30:07,194 - therapist_outreach - INFO - Email sent successfully to annegautham@gmail.com
2025-08-07 14:30:07,195 - therapist_outreach - INFO - TEST email #2 sent for Dr. Michael Rodriguez (mrodriguez@caspermentalhealth.org)
2025-08-07 14:30:07,197 - therapist_outreach - INFO - Waiting 14.5 seconds before next email...
2025-08-07 14:30:22,200 - therapist_outreach - INFO - Email sent successfully to annegautham@gmail.com
2025-08-07 14:30:22,202 - therapist_outreach - INFO - TEST email #3 sent for Lisa Thompson (lisa.thompson@wyomingcounseling.net)
2025-08-07 14:30:22,205 - therapist_outreach - INFO - Waiting 15.1 seconds before next email...
2025-08-07 14:30:38,065 - therapist_outreach - INFO - Email sent successfully to annegautham@gmail.com
2025-08-07 14:30:38,066 - therapist_outreach - INFO - TEST email #4 sent for Dr. Jennifer Adams (jennifer.adams@mountainviewtherapy.com)
2025-08-07 14:30:38,069 - therapist_outreach - INFO - Waiting 17.6 seconds before next email...
2025-08-07 14:30:56,435 - therapist_outreach - INFO - Email sent successfully to annegautham@gmail.com
2025-08-07 14:30:56,437 - therapist_outreach - INFO - TEST email #5 sent for Robert Kim (robert.kim@sheridanpsychservices.org)
2025-08-07 14:30:56,439 - therapist_outreach - INFO - Waiting 19.1 seconds before next email...
2025-08-07 14:31:15,978 - therapist_outreach - INFO - Email sent successfully to annegautham@gmail.com
2025-08-07 14:31:15,981 - therapist_outreach - INFO - TEST email #6 sent for Dr. Amanda Foster (afoster@rockspringstherapy.com)
2025-08-07 14:31:15,984 - therapist_outreach - INFO - Waiting 16.6 seconds before next email...
2025-08-07 14:31:33,073 - therapist_outreach - INFO - Email sent successfully to annegautham@gmail.com
2025-08-07 14:31:33,075 - therapist_outreach - INFO - TEST email #7 sent for Mark Williams (mark.williams@gillettecounseling.org)
2025-08-07 14:31:33,078 - therapist_outreach - INFO - Waiting 14.4 seconds before next email...
2025-08-07 14:31:47,481 - therapist_outreach - INFO - Wyoming test completed. Sent 7 test emails to annegautham@gmail.com
2025-08-07 14:31:47,482 - therapist_outreach - INFO - Successfully demonstrated personalized emails for Wyoming therapists!
2025-08-07 14:31:47,483 - therapist_outreach - INFO - Test emails sent to therapists:
2025-08-07 14:31:47,484 - therapist_outreach - INFO -   1. Dr. Mitchell - Wyoming Psychology Associates - Cheyenne, WY
2025-08-07 14:31:47,485 - therapist_outreach - INFO -   2. Dr. Rodriguez - Casper Mental Health Center - Casper, WY
2025-08-07 14:31:47,486 - therapist_outreach - INFO -   3. Lisa Thompson - Wyoming Counseling Services - Laramie, WY
2025-08-07 14:31:47,486 - therapist_outreach - INFO -   4. Dr. Adams - Mountain View Therapy - Jackson, WY
2025-08-07 14:31:47,488 - therapist_outreach - INFO -   5. Robert Kim - Sheridan Psychological Services - Sheridan, WY
2025-08-07 14:31:47,488 - therapist_outreach - INFO -   6. Dr. Foster - Rock Springs Therapy Center - Rock Springs, WY
2025-08-07 14:31:47,489 - therapist_outreach - INFO -   7. Mark Williams - Gillette Counseling Center - Gillette, WY
2025-08-07 14:31:47,492 - therapist_outreach - INFO - Outreach process completed!
